[debug] [2023-05-26T20:24:14.822Z] ----------------------------------------------------------------------
[debug] [2023-05-26T20:24:14.824Z] Command:       C:\Program Files\nodejs\node.exe C:\Users\galoi\AppData\Roaming\npm\node_modules\firebase-tools\lib\bin\firebase.js init
[debug] [2023-05-26T20:24:14.824Z] CLI Version:   12.2.1
[debug] [2023-05-26T20:24:14.825Z] Platform:      win32
[debug] [2023-05-26T20:24:14.825Z] Node Version:  v16.18.0
[debug] [2023-05-26T20:24:14.826Z] Time:          Fri May 26 2023 17:24:14 GMT-0300 (Horário Padrão de Brasília)
[debug] [2023-05-26T20:24:14.827Z] ----------------------------------------------------------------------
[debug] 
[debug] [2023-05-26T20:24:14.836Z] > command requires scopes: ["email","openid","https://www.googleapis.com/auth/cloudplatformprojects.readonly","https://www.googleapis.com/auth/firebase","https://www.googleapis.com/auth/cloud-platform"]
[debug] [2023-05-26T20:24:14.836Z] > authorizing via signed-in user (vipplanosclub@gmail.com)
[info] 
     ######## #### ########  ######## ########     ###     ######  ########
     ##        ##  ##     ## ##       ##     ##  ##   ##  ##       ##
     ######    ##  ########  ######   ########  #########  ######  ######
     ##        ##  ##    ##  ##       ##     ## ##     ##       ## ##
     ##       #### ##     ## ######## ########  ##     ##  ######  ########

You're about to initialize a Firebase project in this directory:

  C:\Users\galoi\projetosHTML\portifolio\vivoPlanos

[info] 
=== Project Setup
[info] 
[info] First, let's associate this project directory with a Firebase project.
[info] You can create multiple project aliases by running firebase use --add, 
[info] but for now we'll just set up a default project.
[info] 
[debug] [2023-05-26T20:25:45.530Z] >>> [apiv2][query] GET https://firebase.googleapis.com/v1beta1/projects pageSize=100
[debug] [2023-05-26T20:25:46.946Z] <<< [apiv2][status] GET https://firebase.googleapis.com/v1beta1/projects 200
[debug] [2023-05-26T20:25:46.946Z] <<< [apiv2][body] GET https://firebase.googleapis.com/v1beta1/projects [omitted]
[info] i  Using project vipclubplanos (VipClubPlanos) 
[info] 
=== Hosting Setup
[info] 
[info] Your public directory is the folder (relative to your project directory) that
[info] will contain Hosting assets to be uploaded with firebase deploy. If you
[info] have a build process for your assets, use your build's output directory.
[info] 
[debug] [2023-05-26T20:26:20.856Z] >>> [apiv2][query] GET https://www.gstatic.com/firebasejs/releases.json [none]
[debug] [2023-05-26T20:26:21.025Z] <<< [apiv2][status] GET https://www.gstatic.com/firebasejs/releases.json 200
[debug] [2023-05-26T20:26:21.025Z] <<< [apiv2][body] GET https://www.gstatic.com/firebasejs/releases.json {"current":{"version":"9.22.1","browserURL":"https://www.gstatic.com/firebasejs/9.22.1/firebase.js","packageURL":"https://www.gstatic.com/firebasejs/9.22.1/firebase.tgz"},"live":{"version":"9.22","browserURL":"https://www.gstatic.com/firebasejs/live/9.22/firebase.js","packageURL":"https://www.gstatic.com/firebasejs/live/9.22/firebase.tgz"},"components":{"analytics":"https://www.gstatic.com/firebasejs/9.22.1/firebase-analytics.js","app":"https://www.gstatic.com/firebasejs/9.22.1/firebase-app.js","app-check":"https://www.gstatic.com/firebasejs/9.22.1/firebase-app-check.js","auth":"https://www.gstatic.com/firebasejs/9.22.1/firebase-auth.js","auth/cordova":"https://www.gstatic.com/firebasejs/9.22.1/firebase-auth/cordova.js","auth/react-native":"https://www.gstatic.com/firebasejs/9.22.1/firebase-auth/react-native.js","functions":"https://www.gstatic.com/firebasejs/9.22.1/firebase-functions.js","firestore":"https://www.gstatic.com/firebasejs/9.22.1/firebase-firestore.js","firestore/lite":"https://www.gstatic.com/firebasejs/9.22.1/firebase-firestore/lite.js","installations":"https://www.gstatic.com/firebasejs/9.22.1/firebase-installations.js","storage":"https://www.gstatic.com/firebasejs/9.22.1/firebase-storage.js","performance":"https://www.gstatic.com/firebasejs/9.22.1/firebase-performance.js","remote-config":"https://www.gstatic.com/firebasejs/9.22.1/firebase-remote-config.js","messaging":"https://www.gstatic.com/firebasejs/9.22.1/firebase-messaging.js","messaging/sw":"https://www.gstatic.com/firebasejs/9.22.1/firebase-messaging/sw.js","database":"https://www.gstatic.com/firebasejs/9.22.1/firebase-database.js","firestore.memory":"https://www.gstatic.com/firebasejs/9.22.1/firebase-firestore.memory.js"}}
[info] +  Wrote public/index.html 
[info] 
[info] i  Didn't detect a .git folder. Assuming C:\Users\galoi\projetosHTML\portifolio\vivoPlanos is the project root. 
[info] i  Authorizing with GitHub to upload your service account to a GitHub repository's secrets store. 
[info] 
[info] Visit this URL on this device to log in:
[info] https://github.com/login/oauth/authorize?client_id=89cf50f02ac6aaed3484&state=784549617&redirect_uri=http%3A%2F%2Flocalhost%3A9005&scope=read%3Auser%20repo%20public_repo
[info] 
[info] Waiting for authentication...
[debug] [2023-05-26T20:26:38.045Z] >>> [apiv2][query] POST https://github.com/login/oauth/access_token [none]
[debug] [2023-05-26T20:26:38.045Z] >>> [apiv2][body] POST https://github.com/login/oauth/access_token [stream]
[debug] [2023-05-26T20:26:38.429Z] <<< [apiv2][status] POST https://github.com/login/oauth/access_token 200
[debug] [2023-05-26T20:26:38.429Z] <<< [apiv2][body] POST https://github.com/login/oauth/access_token {"access_token":"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","token_type":"bearer","scope":"read:user,repo"}
[debug] [2023-05-26T20:26:38.437Z] >>> [apiv2][query] GET https://api.github.com/user [none]
[debug] [2023-05-26T20:26:38.728Z] <<< [apiv2][status] GET https://api.github.com/user 200
[debug] [2023-05-26T20:26:38.728Z] <<< [apiv2][body] GET https://api.github.com/user {"login":"Igor-Galo","id":112905576,"node_id":"U_kgDOBrrNaA","avatar_url":"https://avatars.githubusercontent.com/u/112905576?v=4","gravatar_id":"","url":"https://api.github.com/users/Igor-Galo","html_url":"https://github.com/Igor-Galo","followers_url":"https://api.github.com/users/Igor-Galo/followers","following_url":"https://api.github.com/users/Igor-Galo/following{/other_user}","gists_url":"https://api.github.com/users/Igor-Galo/gists{/gist_id}","starred_url":"https://api.github.com/users/Igor-Galo/starred{/owner}{/repo}","subscriptions_url":"https://api.github.com/users/Igor-Galo/subscriptions","organizations_url":"https://api.github.com/users/Igor-Galo/orgs","repos_url":"https://api.github.com/users/Igor-Galo/repos","events_url":"https://api.github.com/users/Igor-Galo/events{/privacy}","received_events_url":"https://api.github.com/users/Igor-Galo/received_events","type":"User","site_admin":false,"name":"Igor-Galo","company":null,"blog":"","location":null,"email":null,"hireable":null,"bio":null,"twitter_username":null,"public_repos":8,"public_gists":0,"followers":1,"following":1,"created_at":"2022-09-05T20:58:13Z","updated_at":"2023-05-09T14:02:42Z","private_gists":0,"total_private_repos":1,"owned_private_repos":1,"disk_usage":4159,"collaborators":0,"two_factor_authentication":false,"plan":{"name":"free","space":976562499,"collaborators":0,"private_repos":10000}}
[info] 
[info] +  Success! Logged into GitHub as Igor-Galo 
[info] 
